#
# There is insufficient memory for the Java Runtime Environment to continue.
# Native memory allocation (malloc) failed to allocate 4092 bytes for AllocateHeap
# Possible reasons:
#   The system is out of physical RAM or swap space
#   In 32 bit mode, the process size limit was hit
# Possible solutions:
#   Reduce memory load on the system
#   Increase physical memory or swap space
#   Check if swap backing store is full
#   Use 64 bit Java on a 64 bit OS
#   Decrease Java heap size (-Xmx/-Xms)
#   Decrease number of Java threads
#   Decrease Java thread stack sizes (-Xss)
#   Set larger code cache with -XX:ReservedCodeCacheSize=
# This output file may be truncated or incomplete.
#
#  Out of Memory Error (memory/allocation.inline.hpp:61), pid=5216, tid=4256
#
# JRE version: Java(TM) SE Runtime Environment (7.0_71-b14) (build 1.7.0_71-b14)
# Java VM: Java HotSpot(TM) Client VM (24.71-b01 mixed mode, sharing windows-x86 )
# Failed to write core dump. Minidumps are not enabled by default on client versions of Windows
#

---------------  T H R E A D  ---------------

Current thread (0x02a9e400):  VMThread [stack: 0x04d50000,0x04da0000] [id=4256]

Stack: [0x04d50000,0x04da0000],  sp=0x04d9e264,  free space=312k
Native frames: (J=compiled Java code, j=interpreted, Vv=VM code, C=native code)
V  [jvm.dll+0x1911e4]
V  [jvm.dll+0x1a6f25]
V  [jvm.dll+0x1a810b]
C  [msvcr100.dll+0x5c556]
C  [msvcr100.dll+0x5c600]
C  [KERNEL32.DLL+0x162c4]
C  [ntdll.dll+0x60719]
C  [ntdll.dll+0x606e4]

VM_Operation (0x0541eca8): GenCollectForAllocation, mode: safepoint, requested by thread 0x05204c00


---------------  P R O C E S S  ---------------

Java Threads: ( => current thread )
  0x05205400 JavaThread "pool-2-thread-1" [_thread_blocked, id=5456, stack(0x05460000,0x054b0000)]
  0x05204c00 JavaThread "pool-1-thread-1" [_thread_blocked, id=6888, stack(0x053d0000,0x05420000)]
  0x02b1a400 JavaThread "Service Thread" daemon [_thread_blocked, id=3664, stack(0x050b0000,0x05100000)]
  0x02b18800 JavaThread "C1 CompilerThread0" daemon [_thread_blocked, id=3268, stack(0x05020000,0x05070000)]
  0x02b10c00 JavaThread "Attach Listener" daemon [_thread_blocked, id=6804, stack(0x04f90000,0x04fe0000)]
  0x02b0fc00 JavaThread "Signal Dispatcher" daemon [_thread_blocked, id=6468, stack(0x04f00000,0x04f50000)]
  0x02aa4800 JavaThread "Finalizer" daemon [_thread_blocked, id=7712, stack(0x04e70000,0x04ec0000)]
  0x02a9f800 JavaThread "Reference Handler" daemon [_thread_blocked, id=3084, stack(0x04de0000,0x04e30000)]
  0x028dc800 JavaThread "main" [_thread_blocked, id=3508, stack(0x028e0000,0x02930000)]

Other Threads:
=>0x02a9e400 VMThread [stack: 0x04d50000,0x04da0000] [id=4256]
  0x02b29c00 WatcherThread [stack: 0x05140000,0x05190000] [id=4048]

VM state:at safepoint (normal execution)

VM Mutex/Monitor currently owned by a thread:  ([mutex/lock_event])
[0x028daeb0] Threads_lock - owner thread: 0x02a9e400
[0x028db318] Heap_lock - owner thread: 0x05204c00

Heap
 def new generation   total 52544K, used 52544K [0x25000000, 0x28900000, 0x2a550000)
  eden space 46720K, 100% used [0x25000000, 0x27da0000, 0x27da0000)
  from space 5824K, 100% used [0x28350000, 0x28900000, 0x28900000)
  to   space 5824K,   0% used [0x27da0000, 0x27da0000, 0x28350000)
 tenured generation   total 121684K, used 121602K [0x2a550000, 0x31c25000, 0x35000000)
   the space 121684K,  99% used [0x2a550000, 0x31c10b40, 0x31c10c00, 0x31c25000)
 compacting perm gen  total 12288K, used 1794K [0x35000000, 0x35c00000, 0x39000000)
   the space 12288K,  14% used [0x35000000, 0x351c0a40, 0x351c0c00, 0x35c00000)
    ro space 10240K,  44% used [0x39000000, 0x3947aee0, 0x3947b000, 0x39a00000)
    rw space 12288K,  52% used [0x39a00000, 0x3a042e10, 0x3a043000, 0x3a600000)

Card table byte_map: [0x04c00000,0x04cb0000] byte_map_base: 0x04ad8000

Polling page: 0x00fc0000

Code Cache  [0x02b80000, 0x02e98000, 0x04b80000)
 total_blobs=1634 nmethods=1485 adapters=85 free_code_cache=29616Kb largest_free_block=30327744

Compilation events (10 events):
Event: 16.347 Thread 0x02b18800 1481             com.android.dx.rop.cst.CstInterfaceMethodRef::<init> (12 bytes)
Event: 16.347 Thread 0x02b18800 nmethod 1481 0x02e92808 code [0x02e92910, 0x02e92a08]
Event: 16.379 Thread 0x02b18800 1482             java.util.HashMap$Entry::getKey (5 bytes)
Event: 16.379 Thread 0x02b18800 nmethod 1482 0x02e92b48 code [0x02e92c40, 0x02e92cc0]
Event: 17.022 Thread 0x02b18800 1483             com.android.dx.rop.code.RegisterSpecList::withoutLast (60 bytes)
Event: 17.023 Thread 0x02b18800 nmethod 1483 0x02e92d08 code [0x02e92e70, 0x02e9321c]
Event: 18.002 Thread 0x02b18800 1484             com.android.dx.rop.cst.StdConstantPool::<init> (38 bytes)
Event: 18.002 Thread 0x02b18800 nmethod 1484 0x02e93748 code [0x02e93850, 0x02e939ec]
Event: 18.082 Thread 0x02b18800 1485             com.android.dx.rop.code.Insn$BaseVisitor::visitThrowingInsn (1 bytes)
Event: 18.082 Thread 0x02b18800 nmethod 1485 0x02e93a88 code [0x02e93b80, 0x02e93c00]

GC Heap History (10 events):
Event: 14.799 GC heap after
Heap after GC invocations=50 (full 7):
 def new generation   total 44864K, used 4282K [0x25000000, 0x280a0000, 0x2a550000)
  eden space 39936K,  10% used [0x25000000, 0x2542e870, 0x27700000)
  from space 4928K,   0% used [0x27700000, 0x27700000, 0x27bd0000)
  to   space 4928K,   0% used [0x27bd0000, 0x27bd0000, 0x280a0000)
 tenured generation   total 99516K, used 99515K [0x2a550000, 0x3067f000, 0x35000000)
   the space 99516K,  99% used [0x2a550000, 0x3067eff8, 0x3067f000, 0x3067f000)
 compacting perm gen  total 12288K, used 1794K [0x35000000, 0x35c00000, 0x39000000)
   the space 12288K,  14% used [0x35000000, 0x351c0b20, 0x351c0c00, 0x35c00000)
    ro space 10240K,  44% used [0x39000000, 0x3947aee0, 0x3947b000, 0x39a00000)
    rw space 12288K,  52% used [0x39a00000, 0x3a042e10, 0x3a043000, 0x3a600000)
}
Event: 15.025 GC heap before
{Heap before GC invocations=50 (full 7):
 def new generation   total 44864K, used 39936K [0x25000000, 0x280a0000, 0x2a550000)
  eden space 39936K, 100% used [0x25000000, 0x27700000, 0x27700000)
  from space 4928K,   0% used [0x27700000, 0x27700000, 0x27bd0000)
  to   space 4928K,   0% used [0x27bd0000, 0x27bd0000, 0x280a0000)
 tenured generation   total 99516K, used 99515K [0x2a550000, 0x3067f000, 0x35000000)
   the space 99516K,  99% used [0x2a550000, 0x3067eff8, 0x3067f000, 0x3067f000)
 compacting perm gen  total 12288K, used 1794K [0x35000000, 0x35c00000, 0x39000000)
   the space 12288K,  14% used [0x35000000, 0x351c0b20, 0x351c0c00, 0x35c00000)
    ro space 10240K,  44% used [0x39000000, 0x3947aee0, 0x3947b000, 0x39a00000)
    rw space 12288K,  52% used [0x39a00000, 0x3a042e10, 0x3a043000, 0x3a600000)
Event: 15.554 GC heap after
Heap after GC invocations=51 (full 8):
 def new generation   total 46848K, used 1480K [0x25000000, 0x282d0000, 0x2a550000)
  eden space 41664K,   3% used [0x25000000, 0x25172040, 0x278b0000)
  from space 5184K,   0% used [0x278b0000, 0x278b0000, 0x27dc0000)
  to   space 5184K,   0% used [0x27dc0000, 0x27dc0000, 0x282d0000)
 tenured generation   total 103996K, used 103995K [0x2a550000, 0x30adf000, 0x35000000)
   the space 103996K,  99% used [0x2a550000, 0x30adeff8, 0x30adf000, 0x30adf000)
 compacting perm gen  total 12288K, used 1794K [0x35000000, 0x35c00000, 0x39000000)
   the space 12288K,  14% used [0x35000000, 0x351c0a00, 0x351c0a00, 0x35c00000)
    ro space 10240K,  44% used [0x39000000, 0x3947aee0, 0x3947b000, 0x39a00000)
    rw space 12288K,  52% used [0x39a00000, 0x3a042e10, 0x3a043000, 0x3a600000)
}
Event: 15.779 GC heap before
{Heap before GC invocations=51 (full 8):
 def new generation   total 46848K, used 41664K [0x25000000, 0x282d0000, 0x2a550000)
  eden space 41664K, 100% used [0x25000000, 0x278b0000, 0x278b0000)
  from space 5184K,   0% used [0x278b0000, 0x278b0000, 0x27dc0000)
  to   space 5184K,   0% used [0x27dc0000, 0x27dc0000, 0x282d0000)
 tenured generation   total 103996K, used 103995K [0x2a550000, 0x30adf000, 0x35000000)
   the space 103996K,  99% used [0x2a550000, 0x30adeff8, 0x30adf000, 0x30adf000)
 compacting perm gen  total 12288K, used 1794K [0x35000000, 0x35c00000, 0x39000000)
   the space 12288K,  14% used [0x35000000, 0x351c0a30, 0x351c0c00, 0x35c00000)
    ro space 10240K,  44% used [0x39000000, 0x3947aee0, 0x3947b000, 0x39a00000)
    rw space 12288K,  52% used [0x39a00000, 0x3a042e10, 0x3a043000, 0x3a600000)
Event: 16.257 GC heap after
Heap after GC invocations=52 (full 9):
 def new generation   total 47808K, used 5132K [0x25000000, 0x283e0000, 0x2a550000)
  eden space 42496K,  12% used [0x25000000, 0x25503020, 0x27980000)
  from space 5312K,   0% used [0x27980000, 0x27980000, 0x27eb0000)
  to   space 5312K,   0% used [0x27eb0000, 0x27eb0000, 0x283e0000)
 tenured generation   total 106172K, used 106171K [0x2a550000, 0x30cff000, 0x35000000)
   the space 106172K,  99% used [0x2a550000, 0x30cfeff8, 0x30cff000, 0x30cff000)
 compacting perm gen  total 12288K, used 1794K [0x35000000, 0x35c00000, 0x39000000)
   the space 12288K,  14% used [0x35000000, 0x351c0a30, 0x351c0c00, 0x35c00000)
    ro space 10240K,  44% used [0x39000000, 0x3947aee0, 0x3947b000, 0x39a00000)
    rw space 12288K,  52% used [0x39a00000, 0x3a042e10, 0x3a043000, 0x3a600000)
}
Event: 16.386 GC heap before
{Heap before GC invocations=52 (full 9):
 def new generation   total 47808K, used 42496K [0x25000000, 0x283e0000, 0x2a550000)
  eden space 42496K, 100% used [0x25000000, 0x27980000, 0x27980000)
  from space 5312K,   0% used [0x27980000, 0x27980000, 0x27eb0000)
  to   space 5312K,   0% used [0x27eb0000, 0x27eb0000, 0x283e0000)
 tenured generation   total 106172K, used 106171K [0x2a550000, 0x30cff000, 0x35000000)
   the space 106172K,  99% used [0x2a550000, 0x30cfeff8, 0x30cff000, 0x30cff000)
 compacting perm gen  total 12288K, used 1794K [0x35000000, 0x35c00000, 0x39000000)
   the space 12288K,  14% used [0x35000000, 0x351c0a40, 0x351c0c00, 0x35c00000)
    ro space 10240K,  44% used [0x39000000, 0x3947aee0, 0x3947b000, 0x39a00000)
    rw space 12288K,  52% used [0x39a00000, 0x3a042e10, 0x3a043000, 0x3a600000)
Event: 16.903 GC heap after
Heap after GC invocations=53 (full 10):
 def new generation   total 50112K, used 5078K [0x25000000, 0x28660000, 0x2a550000)
  eden space 44544K,  11% used [0x25000000, 0x254f5890, 0x27b80000)
  from space 5568K,   0% used [0x27b80000, 0x27b80000, 0x280f0000)
  to   space 5568K,   0% used [0x280f0000, 0x280f0000, 0x28660000)
 tenured generation   total 111292K, used 111292K [0x2a550000, 0x311ff000, 0x35000000)
   the space 111292K, 100% used [0x2a550000, 0x311ff000, 0x311ff000, 0x311ff000)
 compacting perm gen  total 12288K, used 1794K [0x35000000, 0x35c00000, 0x39000000)
   the space 12288K,  14% used [0x35000000, 0x351c0a40, 0x351c0c00, 0x35c00000)
    ro space 10240K,  44% used [0x39000000, 0x3947aee0, 0x3947b000, 0x39a00000)
    rw space 12288K,  52% used [0x39a00000, 0x3a042e10, 0x3a043000, 0x3a600000)
}
Event: 17.046 GC heap before
{Heap before GC invocations=53 (full 10):
 def new generation   total 50112K, used 44544K [0x25000000, 0x28660000, 0x2a550000)
  eden space 44544K, 100% used [0x25000000, 0x27b80000, 0x27b80000)
  from space 5568K,   0% used [0x27b80000, 0x27b80000, 0x280f0000)
  to   space 5568K,   0% used [0x280f0000, 0x280f0000, 0x28660000)
 tenured generation   total 111292K, used 111292K [0x2a550000, 0x311ff000, 0x35000000)
   the space 111292K, 100% used [0x2a550000, 0x311ff000, 0x311ff000, 0x311ff000)
 compacting perm gen  total 12288K, used 1794K [0x35000000, 0x35c00000, 0x39000000)
   the space 12288K,  14% used [0x35000000, 0x351c0a40, 0x351c0c00, 0x35c00000)
    ro space 10240K,  44% used [0x39000000, 0x3947aee0, 0x3947b000, 0x39a00000)
    rw space 12288K,  52% used [0x39a00000, 0x3a042e10, 0x3a043000, 0x3a600000)
Event: 17.589 GC heap after
Heap after GC invocations=54 (full 11):
 def new generation   total 52544K, used 5459K [0x25000000, 0x28900000, 0x2a550000)
  eden space 46720K,  11% used [0x25000000, 0x25554ea8, 0x27da0000)
  from space 5824K,   0% used [0x27da0000, 0x27da0000, 0x28350000)
  to   space 5824K,   0% used [0x28350000, 0x28350000, 0x28900000)
 tenured generation   total 116668K, used 116621K [0x2a550000, 0x3173f000, 0x35000000)
   the space 116668K,  99% used [0x2a550000, 0x31733738, 0x31733800, 0x3173f000)
 compacting perm gen  total 12288K, used 1794K [0x35000000, 0x35c00000, 0x39000000)
   the space 12288K,  14% used [0x35000000, 0x351c0a40, 0x351c0c00, 0x35c00000)
    ro space 10240K,  44% used [0x39000000, 0x3947aee0, 0x3947b000, 0x39a00000)
    rw space 12288K,  52% used [0x39a00000, 0x3a042e10, 0x3a043000, 0x3a600000)
}
Event: 18.086 GC heap before
{Heap before GC invocations=54 (full 11):
 def new generation   total 52544K, used 46720K [0x25000000, 0x28900000, 0x2a550000)
  eden space 46720K, 100% used [0x25000000, 0x27da0000, 0x27da0000)
  from space 5824K,   0% used [0x27da0000, 0x27da0000, 0x28350000)
  to   space 5824K,   0% used [0x28350000, 0x28350000, 0x28900000)
 tenured generation   total 116668K, used 116621K [0x2a550000, 0x3173f000, 0x35000000)
   the space 116668K,  99% used [0x2a550000, 0x31733738, 0x31733800, 0x3173f000)
 compacting perm gen  total 12288K, used 1794K [0x35000000, 0x35c00000, 0x39000000)
   the space 12288K,  14% used [0x35000000, 0x351c0a40, 0x351c0c00, 0x35c00000)
    ro space 10240K,  44% used [0x39000000, 0x3947aee0, 0x3947b000, 0x39a00000)
    rw space 12288K,  52% used [0x39a00000, 0x3a042e10, 0x3a043000, 0x3a600000)

Deoptimization events (0 events):
No events

Internal exceptions (10 events):
Event: 7.794 Thread 0x05204c00 Threw 0x25136ca0 at C:\re\jdk7u71\1605\hotspot\src\share\vm\prims\jvm.cpp:1281
Event: 7.795 Thread 0x05204c00 Threw 0x25171548 at C:\re\jdk7u71\1605\hotspot\src\share\vm\prims\jvm.cpp:1281
Event: 7.797 Thread 0x05204c00 Threw 0x251d06e0 at C:\re\jdk7u71\1605\hotspot\src\share\vm\prims\jvm.cpp:1281
Event: 7.800 Thread 0x05204c00 Threw 0x2521bc98 at C:\re\jdk7u71\1605\hotspot\src\share\vm\prims\jvm.cpp:1281
Event: 7.875 Thread 0x05204c00 Threw 0x255cbc20 at C:\re\jdk7u71\1605\hotspot\src\share\vm\prims\jvm.cpp:1281
Event: 7.911 Thread 0x028dc800 Threw 0x254d9550 at C:\re\jdk7u71\1605\hotspot\src\share\vm\prims\jvm.cpp:1281
Event: 7.950 Thread 0x05204c00 Threw 0x2519c6e8 at C:\re\jdk7u71\1605\hotspot\src\share\vm\prims\jvm.cpp:1281
Event: 8.034 Thread 0x05204c00 Threw 0x255c6ed8 at C:\re\jdk7u71\1605\hotspot\src\share\vm\prims\jvm.cpp:1281
Event: 8.039 Thread 0x028dc800 Threw 0x25632fd8 at C:\re\jdk7u71\1605\hotspot\src\share\vm\prims\jvm.cpp:1281
Event: 8.850 Thread 0x028dc800 Threw 0x25018388 at C:\re\jdk7u71\1605\hotspot\src\share\vm\prims\jvm.cpp:1281

Events (10 events):
Event: 14.799 Executing VM operation: GenCollectForAllocation done
Event: 15.024 Executing VM operation: GenCollectForAllocation
Event: 15.554 Executing VM operation: GenCollectForAllocation done
Event: 15.778 Executing VM operation: GenCollectForAllocation
Event: 16.257 Executing VM operation: GenCollectForAllocation done
Event: 16.386 Executing VM operation: GenCollectForAllocation
Event: 16.903 Executing VM operation: GenCollectForAllocation done
Event: 17.046 Executing VM operation: GenCollectForAllocation
Event: 17.589 Executing VM operation: GenCollectForAllocation done
Event: 18.086 Executing VM operation: GenCollectForAllocation


Dynamic libraries:
0x00180000 - 0x001af000 	C:\Program Files (x86)\Java\jdk1.7.0_71\bin\java.exe
0x77500000 - 0x77682000 	C:\WINDOWS\SYSTEM32\ntdll.dll
0x76150000 - 0x76230000 	C:\WINDOWS\System32\KERNEL32.DLL
0x76470000 - 0x76611000 	C:\WINDOWS\System32\KERNELBASE.dll
0x71250000 - 0x712e2000 	C:\WINDOWS\system32\apphelp.dll
0x77070000 - 0x770e7000 	C:\WINDOWS\System32\ADVAPI32.dll
0x76e30000 - 0x76eee000 	C:\WINDOWS\System32\msvcrt.dll
0x74640000 - 0x74681000 	C:\WINDOWS\System32\sechost.dll
0x76c70000 - 0x76d31000 	C:\WINDOWS\System32\RPCRT4.dll
0x73fc0000 - 0x73fde000 	C:\WINDOWS\System32\SspiCli.dll
0x73fb0000 - 0x73fba000 	C:\WINDOWS\System32\CRYPTBASE.dll
0x74420000 - 0x7447a000 	C:\WINDOWS\System32\bcryptPrimitives.dll
0x746f0000 - 0x7484f000 	C:\WINDOWS\System32\USER32.dll
0x77050000 - 0x77065000 	C:\WINDOWS\System32\win32u.dll
0x740f0000 - 0x7411b000 	C:\WINDOWS\System32\GDI32.dll
0x74850000 - 0x749ab000 	C:\WINDOWS\System32\gdi32full.dll
0x71c40000 - 0x71e4a000 	C:\WINDOWS\WinSxS\x86_microsoft.windows.common-controls_6595b64144ccf1df_6.0.14393.447_none_89c64d28dafea4b9\COMCTL32.dll
0x74b00000 - 0x74d11000 	C:\WINDOWS\System32\combase.dll
0x76d40000 - 0x76e20000 	C:\WINDOWS\System32\ucrtbase.dll
0x74610000 - 0x74635000 	C:\WINDOWS\System32\IMM32.DLL
0x5a700000 - 0x5a7bf000 	C:\Program Files (x86)\Java\jdk1.7.0_71\jre\bin\msvcr100.dll
0x5a370000 - 0x5a6f9000 	C:\Program Files (x86)\Java\jdk1.7.0_71\jre\bin\client\jvm.dll
0x74690000 - 0x74696000 	C:\WINDOWS\System32\PSAPI.DLL
0x70ee0000 - 0x70ee8000 	C:\WINDOWS\SYSTEM32\WSOCK32.dll
0x763c0000 - 0x76423000 	C:\WINDOWS\System32\WS2_32.dll
0x707f0000 - 0x70814000 	C:\WINDOWS\SYSTEM32\WINMM.dll
0x70740000 - 0x70763000 	C:\WINDOWS\SYSTEM32\WINMMBASE.dll
0x76430000 - 0x76466000 	C:\WINDOWS\System32\cfgmgr32.dll
0x5a360000 - 0x5a36c000 	C:\Program Files (x86)\Java\jdk1.7.0_71\jre\bin\verify.dll
0x5a340000 - 0x5a360000 	C:\Program Files (x86)\Java\jdk1.7.0_71\jre\bin\java.dll
0x5a320000 - 0x5a333000 	C:\Program Files (x86)\Java\jdk1.7.0_71\jre\bin\zip.dll
0x5a300000 - 0x5a314000 	C:\Program Files (x86)\Java\jdk1.7.0_71\jre\bin\net.dll
0x73120000 - 0x7316e000 	C:\WINDOWS\system32\mswsock.dll
0x5a2f0000 - 0x5a2ff000 	C:\Program Files (x86)\Java\jdk1.7.0_71\jre\bin\nio.dll
0x712f0000 - 0x71435000 	C:\WINDOWS\SYSTEM32\dbghelp.dll

VM Arguments:
java_command: C:\Users\miele\AppData\Local\Xamarin\MonoForAndroid\AndroidSDK\build-tools\23.0.2\\lib\dx.jar --no-strict --dex --output=obj\Debug\android\bin obj\Debug\android\bin\classes C:\Program Files (x86)\Reference Assemblies\Microsoft\Framework\MonoAndroid\v6.0\mono.android.jar obj\Debug\__library_projects__\FormsViewGroup\library_project_imports\formsviewgroup.jar C:\Users\miele\AppData\Local\Xamarin\Xamarin.Android.Support.Animated.Vector.Drawable\23.3.0.0\embedded\classes.jar C:\Users\miele\AppData\Local\Xamarin\Xamarin.Android.Support.Design\23.3.0.0\embedded\classes.jar C:\Users\miele\AppData\Local\Xamarin\Xamarin.Android.Support.v4\23.3.0.0\embedded\classes.jar C:\Users\miele\AppData\Local\Xamarin\Xamarin.Android.Support.v4\23.3.0.0\embedded\libs\internal_impl-23.3.0.jar C:\Users\miele\AppData\Local\Xamarin\Xamarin.Android.Support.v7.AppCompat\23.3.0.0\embedded\classes.jar C:\Users\miele\AppData\Local\Xamarin\Xamarin.Android.Support.v7.CardView\23.3.0.0\embedded\classes.jar C:\Users\miele\AppData\Local\Xamarin\Xamarin.Android.Support.v7.MediaRouter\23.3.0.0\embedded\classes.jar C:\Users\miele\AppData\Local\Xamarin\Xamarin.Android.Support.v7.MediaRouter\23.3.0.0\embedded\libs\internal_impl-23.3.0.jar C:\Users\miele\AppData\Local\Xamarin\Xamarin.Android.Support.v7.RecyclerView\23.3.0.0\embedded\classes.jar C:\Users\miele\AppData\Local\Xamarin\Xamarin.Android.Support.Vector.Drawable\23.3.0.0\embedded\classes.jar
Launcher Type: SUN_STANDARD

Environment Variables:
PATH=C:\Program Files (x86)\Xamarin Studio\bin\;C:\ProgramData\Oracle\Java\javapath;C:\WINDOWS\system32;C:\WINDOWS;C:\WINDOWS\System32\Wbem;C:\WINDOWS\System32\WindowsPowerShell\v1.0\;C:\Program Files (x86)\ATI Technologies\ATI.ACE\Core-Static;C:\Program Files (x86)\AMD\ATI.ACE\Core-Static;C:\WINDOWS\system32\config\systemprofile\.dnx\bin;C:\Program Files\Microsoft DNX\Dnvm\;C:\Program Files (x86)\Windows Kits\8.1\Windows Performance Toolkit\;C:\Program Files\Microsoft SQL Server\130\Tools\Binn\;C:\Program Files (x86)\GtkSharp\2.12\bin;C:\Users\miele\AppData\Local\Programs\Python\Python35-32\Scripts\;C:\Users\miele\AppData\Local\Programs\Python\Python35-32\;C:\Users\miele\AppData\Local\Microsoft\WindowsApps;
USERNAME=miele
OS=Windows_NT
PROCESSOR_IDENTIFIER=AMD64 Family 16 Model 6 Stepping 3, AuthenticAMD



---------------  S Y S T E M  ---------------

OS: Windows 8.1 , 64 bit Build 9600 

CPU:total 2 (2 cores per cpu, 1 threads per core) family 16 model 6 stepping 3, cmov, cx8, fxsr, mmx, sse, sse2, sse3, popcnt, mmxext, 3dnowpref, lzcnt, sse4a, tsc, tscinvbit, tscinv

Memory: 4k page, physical 4192436k(789440k free), swap 4192436k(1468k free)

vm_info: Java HotSpot(TM) Client VM (24.71-b01) for windows-x86 JRE (1.7.0_71-b14), built on Sep 26 2014 16:30:49 by "java_re" with unknown MS VC++:1600

time: Sat Nov 26 15:50:09 2016
elapsed time: 19 seconds

